check=build
date_utc=2026-07-13T05:45:28Z
sha=08e53fca5a078a5bebd8c2422282f54d8d12ea96
command=npm run build
node=v22.22.2
npm=11.4.2
classification_expected=PASS
--- output ---
npm warn Unknown env config "http-proxy". This will stop working in the next major version of npm.

> gemailla-master@1.0.0 build
> vite build

vite v6.4.3 building for production...
transforming...
✓ 4026 modules transformed.
rendering chunks...
computing gzip size...
dist/index.html                                   0.76 kB │ gzip:   0.38 kB
dist/.vite/manifest.json                         40.19 kB │ gzip:   4.35 kB
dist/assets/index-1lcBY3de.css                   91.21 kB │ gzip:  15.95 kB
dist/assets/aiService-DxnKLOQ7.js                 0.11 kB │ gzip:   0.12 kB
dist/assets/endOfDay-CGesiSW_.js                  0.12 kB │ gzip:   0.13 kB
dist/assets/endOfMonth-GOr-nkpz.js                0.17 kB │ gzip:   0.16 kB
dist/assets/toDate-qOSwr3PX.js                    0.27 kB │ gzip:   0.19 kB
dist/assets/minus-nYm5rogr.js                     0.29 kB │ gzip:   0.24 kB
dist/assets/check-C6xwpdXc.js                     0.29 kB │ gzip:   0.24 kB
dist/assets/circle-DmmD78H8.js                    0.30 kB │ gzip:   0.24 kB
dist/assets/index-DnIEfsn1.js                     0.30 kB │ gzip:   0.21 kB
dist/assets/chevron-right-DHcXoi6Y.js             0.30 kB │ gzip:   0.25 kB
dist/assets/loader-circle-D2Ra-aQn.js             0.31 kB │ gzip:   0.26 kB
dist/assets/arrow-up-right-Djg7RnNR.js            0.34 kB │ gzip:   0.26 kB
dist/assets/search-DZ07jPnw.js                    0.34 kB │ gzip:   0.27 kB
dist/assets/circle-check-DpWMv68n.js              0.34 kB │ gzip:   0.27 kB
dist/assets/clock-DffBjmcM.js                     0.35 kB │ gzip:   0.27 kB
dist/assets/circle-check-big-CGSV8kbF.js          0.36 kB │ gzip:   0.28 kB
dist/assets/info-c1JSV0rU.js                      0.37 kB │ gzip:   0.28 kB
dist/assets/lock-D4E6cw4Y.js                      0.37 kB │ gzip:   0.29 kB
dist/assets/trending-up-Y1U0Gcj9.js               0.38 kB │ gzip:   0.29 kB
dist/assets/trending-down-BlsXcwv6.js             0.38 kB │ gzip:   0.28 kB
dist/assets/dollar-sign-CE8-ZZwW.js               0.39 kB │ gzip:   0.30 kB
dist/assets/briefcase-Di6iz2I3.js                 0.39 kB │ gzip:   0.30 kB
dist/assets/target-DANjEaVG.js                    0.39 kB │ gzip:   0.27 kB
dist/assets/activity-NBo3UNYq.js                  0.41 kB │ gzip:   0.30 kB
dist/assets/arrow-up-down-h3WaoBYe.js             0.41 kB │ gzip:   0.29 kB
dist/assets/chart-column-_sYL29nI.js              0.42 kB │ gzip:   0.30 kB
dist/assets/upload-CmqZIwho.js                    0.43 kB │ gzip:   0.32 kB
dist/assets/download-BsW3vjse.js                  0.43 kB │ gzip:   0.32 kB
dist/assets/zap-DP0zhXkk.js                       0.43 kB │ gzip:   0.31 kB
dist/assets/triangle-alert-c4nXno-F.js            0.44 kB │ gzip:   0.31 kB
dist/assets/shield-y2Bojf_0.js                    0.44 kB │ gzip:   0.33 kB
dist/assets/subMonths-B7x0cwCj.js                 0.44 kB │ gzip:   0.28 kB
dist/assets/chart-pie-D1eE_-Rj.js                 0.44 kB │ gzip:   0.33 kB
dist/assets/flask-conical-B57KB0uh.js             0.47 kB │ gzip:   0.33 kB
dist/assets/users-BRgYbdXF.js                     0.48 kB │ gzip:   0.33 kB
dist/assets/user-x-0acQl8oX.js                    0.48 kB │ gzip:   0.34 kB
dist/assets/PageHeader-B-oI_Izm.js                0.48 kB │ gzip:   0.30 kB
dist/assets/auditLogger-ixUa4yXP.js               0.49 kB │ gzip:   0.31 kB
dist/assets/refresh-cw-B8_183Uk.js                0.49 kB │ gzip:   0.33 kB
dist/assets/file-text-BRFya1JN.js                 0.50 kB │ gzip:   0.32 kB
dist/assets/trash-2-B5fV2UhE.js                   0.53 kB │ gzip:   0.35 kB
dist/assets/crown-BAUtEgsU.js                     0.53 kB │ gzip:   0.36 kB
dist/assets/file-spreadsheet-DlbIcpFJ.js          0.55 kB │ gzip:   0.33 kB
dist/assets/index-DpKUSByH.js                     0.55 kB │ gzip:   0.35 kB
dist/assets/useCompanyData-CKhtg9oe.js            0.55 kB │ gzip:   0.40 kB
dist/assets/building-2-Dgr7GuMT.js                0.61 kB │ gzip:   0.35 kB
dist/assets/PublicRoute-DeMcfvNx.js               0.62 kB │ gzip:   0.41 kB
dist/assets/EmptyState-CsyA08DU.js                0.62 kB │ gzip:   0.36 kB
dist/assets/star-ChJL4nhD.js                      0.64 kB │ gzip:   0.40 kB
dist/assets/calendar-days-BxjrSkI4.js             0.66 kB │ gzip:   0.37 kB
dist/assets/sparkles-ySdMC6ZL.js                  0.68 kB │ gzip:   0.40 kB
dist/assets/DashboardCharts-T30oCp8K.js           0.69 kB │ gzip:   0.41 kB
dist/assets/badge-C07sH1Sn.js                     0.76 kB │ gzip:   0.40 kB
dist/assets/AuthErrorPage-DqhHVHbj.js             0.78 kB │ gzip:   0.46 kB
dist/assets/textarea-ClwSns4C.js                  0.89 kB │ gzip:   0.59 kB
dist/assets/label-DPg8kAn2.js                     0.90 kB │ gzip:   0.59 kB
dist/assets/brain-vuK4UK_A.js                     0.91 kB │ gzip:   0.47 kB
dist/assets/phone-CR0zHQ0F.js                     1.29 kB │ gzip:   0.53 kB
dist/assets/button-CsNmEjQ4.js                    1.29 kB │ gzip:   0.64 kB
dist/assets/PageNotFound-Uwu0cCqg.js              1.33 kB │ gzip:   0.69 kB
dist/assets/index-BipXQavl.js                     1.34 kB │ gzip:   0.67 kB
dist/assets/StatCard-D78Ugpam.js                  1.75 kB │ gzip:   0.79 kB
dist/assets/progress-9w_21JRT.js                  1.97 kB │ gzip:   0.98 kB
dist/assets/dialog-CU5Mc-2h.js                    2.02 kB │ gzip:   0.81 kB
dist/assets/ProtectedRoute-DLv0cGkb.js            2.20 kB │ gzip:   1.12 kB
dist/assets/alert-Dtk3zDGq.js                     2.38 kB │ gzip:   0.94 kB
dist/assets/index-CrYVd08F.js                     2.45 kB │ gzip:   1.15 kB
dist/assets/subscriptionContext-ChPMvTsm.js       2.53 kB │ gzip:   1.18 kB
dist/assets/companyEntityQueries-BK3ztcOB.js      2.65 kB │ gzip:   0.94 kB
dist/assets/index-TDP5mVWS.js                     2.96 kB │ gzip:   1.44 kB
dist/assets/tabs-xP2R2dgL.js                      3.32 kB │ gzip:   1.39 kB
dist/assets/index-fSVhjEL5.js                     3.56 kB │ gzip:   1.61 kB
dist/assets/spreadsheetImport-Db-QtzO8.js         4.31 kB │ gzip:   1.88 kB
dist/assets/index-CAO7ZNmA.js                     4.33 kB │ gzip:   1.59 kB
dist/assets/index-BXxrU8gx.js                     5.52 kB │ gzip:   2.36 kB
dist/assets/es-0Z2iFWJL.js                        5.99 kB │ gzip:   2.06 kB
dist/assets/AuditPage-CO2Ogrrb.js                 8.02 kB │ gzip:   2.82 kB
dist/assets/CompaniesPage-9fymK9TW.js             8.77 kB │ gzip:   3.11 kB
dist/assets/SubscriptionsPage-BqaTCKBF.js        11.00 kB │ gzip:   3.87 kB
dist/assets/AIAssistantPage-CtLPQlIg.js          12.09 kB │ gzip:   4.92 kB
dist/assets/ActivityLogPage-BQV21Kcp.js          12.65 kB │ gzip:   4.56 kB
dist/assets/ReportGenerator-BVjwLBUM.js          14.69 kB │ gzip:   4.93 kB
dist/assets/index-D8cyMBpk.js                    16.74 kB │ gzip:   6.58 kB
dist/assets/index-_NnSGKFr.js                    18.99 kB │ gzip:   4.44 kB
dist/assets/AppLayout-CulWNtx0.js                19.07 kB │ gzip:   5.33 kB
dist/assets/format-m3Jidec_.js                   20.45 kB │ gzip:   5.82 kB
dist/assets/DashboardPage-DxwLzPnv.js            20.64 kB │ gzip:   6.46 kB
dist/assets/DocumentsPage-C-dr5N_4.js            21.03 kB │ gzip:   6.73 kB
dist/assets/dropdown-menu-DsnAIVY2.js            21.19 kB │ gzip:   6.22 kB
dist/assets/index-6wyfLA0-.js                    22.08 kB │ gzip:   7.88 kB
dist/assets/select-tS4uywWR.js                   22.99 kB │ gzip:   7.94 kB
dist/assets/index-pZa5qKuU.js                    27.91 kB │ gzip:  10.82 kB
dist/assets/ERPPage-DRNIM5dT.js                  28.09 kB │ gzip:   9.28 kB
dist/assets/purify.es-Csrj9YNg.js                28.14 kB │ gzip:  10.69 kB
dist/assets/ClientPanelPage-7qCTT5pm.js          30.03 kB │ gzip:   8.89 kB
dist/assets/CRMPage-DxsiUQro.js                  38.85 kB │ gzip:  10.21 kB
dist/assets/OperationsPage-RjUCTING.js           43.54 kB │ gzip:  11.14 kB
dist/assets/HumanResourcesPage-DGuB_qUk.js       44.22 kB │ gzip:  10.56 kB
dist/assets/PredictiveAnalysisPage-sjqKU8LL.js   44.53 kB │ gzip:  12.78 kB
dist/assets/FinancialHubPage-C00CHGPS.js         61.48 kB │ gzip:  17.25 kB
dist/assets/App-D2s7IYHA.js                      63.57 kB │ gzip:  22.02 kB
dist/assets/proxy-ADzDoXoo.js                   111.57 kB │ gzip:  36.69 kB
dist/assets/index-D_tKGDMc.js                   118.07 kB │ gzip:  36.35 kB
dist/assets/index.es-E0tDlMHd.js                159.64 kB │ gzip:  53.54 kB
dist/assets/vendor-core-Ck5Dmfp_.js             210.83 kB │ gzip:  67.26 kB
dist/assets/vendor-charts-DIOgjIf-.js           458.67 kB │ gzip: 129.61 kB
dist/assets/vendor-pdf-DrYeFQCL.js              599.06 kB │ gzip: 179.38 kB
dist/assets/vendor-firebase-BrsOOE0o.js         833.08 kB │ gzip: 208.64 kB
✓ built in 15.04s
--- result ---
exit_code=0
classification=PASS
