check=npm-network
date_utc=2026-07-13T05:45:08Z
sha=08e53fca5a078a5bebd8c2422282f54d8d12ea96
command=npm ping; npm view unpdf@1.5.1 version; npm view firebase-admin@12.7.0 version; npm view fast-xml-parser@5.3.4 version
node=v22.22.2
npm=11.4.2
classification_expected=BLOCKED_NETWORK
--- output ---
npm warn Unknown env config "http-proxy". This will stop working in the next major version of npm.
registry=https://registry.npmjs.org/
npm warn Unknown env config "http-proxy". This will stop working in the next major version of npm.
proxy=null
npm warn Unknown env config "http-proxy". This will stop working in the next major version of npm.
https_proxy=http://proxy:8080
npm warn Unknown env config "http-proxy". This will stop working in the next major version of npm.
cafile=null
env_keys=
no_proxy
NODE_EXTRA_CA_CERTS
YARN_HTTP_PROXY
https_proxy
ELECTRON_GET_USE_PROXY
CODEX_PROXY_CERT
npm_config_http_proxy
NO_PROXY
HTTPS_PROXY
HTTP_PROXY
http_proxy
SSL_CERT_FILE
PIP_CERT
YARN_HTTPS_PROXY
npm_config_https_proxy
--- npm ping ---
npm warn Unknown env config "http-proxy". This will stop working in the next major version of npm.
npm notice PING https://registry.npmjs.org/
npm error code E403
npm error 403 403 Forbidden - GET https://registry.npmjs.org/-/ping
npm error 403 In most cases, you or one of your dependencies are requesting
npm error 403 a package version that is forbidden by your security policy, or
npm error 403 on a server you do not have access to.
npm error A complete log of this run can be found in: /root/.npm/_logs/2026-07-13T05_45_09_738Z-debug-0.log
ping_exit_code=1
--- npm view unpdf@1.5.1 version ---
npm warn Unknown env config "http-proxy". This will stop working in the next major version of npm.
npm error code E403
npm error 403 403 Forbidden - GET https://registry.npmjs.org/unpdf
npm error 403 In most cases, you or one of your dependencies are requesting
npm error 403 a package version that is forbidden by your security policy, or
npm error 403 on a server you do not have access to.
npm error A complete log of this run can be found in: /root/.npm/_logs/2026-07-13T05_45_10_032Z-debug-0.log
unpdf_exit_code=1
--- npm view firebase-admin@12.7.0 version ---
npm warn Unknown env config "http-proxy". This will stop working in the next major version of npm.
npm error code E403
npm error 403 403 Forbidden - GET https://registry.npmjs.org/firebase-admin
npm error 403 In most cases, you or one of your dependencies are requesting
npm error 403 a package version that is forbidden by your security policy, or
npm error 403 on a server you do not have access to.
npm error A complete log of this run can be found in: /root/.npm/_logs/2026-07-13T05_45_10_411Z-debug-0.log
firebase_admin_exit_code=1
--- npm view fast-xml-parser@5.3.4 version ---
npm warn Unknown env config "http-proxy". This will stop working in the next major version of npm.
npm error code E403
npm error 403 403 Forbidden - GET https://registry.npmjs.org/fast-xml-parser
npm error 403 In most cases, you or one of your dependencies are requesting
npm error 403 a package version that is forbidden by your security policy, or
npm error 403 on a server you do not have access to.
npm error A complete log of this run can be found in: /root/.npm/_logs/2026-07-13T05_45_10_785Z-debug-0.log
fast_xml_parser_exit_code=1
--- result ---
ping_exit_code=1
unpdf_exit_code=1
firebase_admin_exit_code=1
fast_xml_parser_exit_code=1
overall_exit_code=1
classification=BLOCKED_NETWORK
